<?xml version="1.0" encoding="UTF-8"?>
<testng-results skipped="0" failed="0" ignored="0" total="10" passed="10">
  <reporter-output>
  </reporter-output>
  <suite name="Regression" duration-ms="26417" started-at="2018-05-12T15:30:30Z" finished-at="2018-05-12T15:30:56Z">
    <groups>
    </groups>
    <test name="Test" duration-ms="26417" started-at="2018-05-12T15:30:30Z" finished-at="2018-05-12T15:30:56Z">
      <class name="com.alg.test.executionengine.Executor">
        <test-method status="PASS" signature="setUp()[pri:0, instance:com.alg.test.executionengine.Executor@246ae04d]" name="setUp" is-config="true" duration-ms="271" started-at="2018-05-12T11:30:29Z" finished-at="2018-05-12T11:30:30Z">
          <reporter-output>
          </reporter-output>
        </test-method> <!-- setUp -->
        <test-method status="PASS" signature="beforeClass()[pri:0, instance:com.alg.test.executionengine.Executor@246ae04d]" name="beforeClass" is-config="true" duration-ms="859" started-at="2018-05-12T11:30:30Z" finished-at="2018-05-12T11:30:30Z">
          <reporter-output>
          </reporter-output>
        </test-method> <!-- beforeClass -->
        <test-method status="PASS" signature="testCase(java.lang.String)[pri:0, instance:com.alg.test.executionengine.Executor@246ae04d]" name="testCase" duration-ms="16099" started-at="2018-05-12T11:30:30Z" data-provider="TestCases" finished-at="2018-05-12T11:30:47Z">
          <params>
            <param index="0">
              <value>
                <![CDATA[1]]>
              </value>
            </param>
          </params>
          <reporter-output>
          </reporter-output>
        </test-method> <!-- testCase -->
        <test-method status="PASS" signature="testCase(java.lang.String)[pri:0, instance:com.alg.test.executionengine.Executor@246ae04d]" name="testCase" duration-ms="8954" started-at="2018-05-12T11:30:47Z" data-provider="TestCases" finished-at="2018-05-12T11:30:56Z">
          <params>
            <param index="0">
              <value>
                <![CDATA[2]]>
              </value>
            </param>
          </params>
          <reporter-output>
          </reporter-output>
        </test-method> <!-- testCase -->
        <test-method status="PASS" signature="testCase(java.lang.String)[pri:0, instance:com.alg.test.executionengine.Executor@246ae04d]" name="testCase" duration-ms="5" started-at="2018-05-12T11:30:56Z" data-provider="TestCases" finished-at="2018-05-12T11:30:56Z">
          <params>
            <param index="0">
              <value>
                <![CDATA[3]]>
              </value>
            </param>
          </params>
          <reporter-output>
          </reporter-output>
        </test-method> <!-- testCase -->
        <test-method status="PASS" signature="testCase(java.lang.String)[pri:0, instance:com.alg.test.executionengine.Executor@246ae04d]" name="testCase" duration-ms="3" started-at="2018-05-12T11:30:56Z" data-provider="TestCases" finished-at="2018-05-12T11:30:56Z">
          <params>
            <param index="0">
              <value>
                <![CDATA[4]]>
              </value>
            </param>
          </params>
          <reporter-output>
          </reporter-output>
        </test-method> <!-- testCase -->
        <test-method status="PASS" signature="testCase(java.lang.String)[pri:0, instance:com.alg.test.executionengine.Executor@246ae04d]" name="testCase" duration-ms="3" started-at="2018-05-12T11:30:56Z" data-provider="TestCases" finished-at="2018-05-12T11:30:56Z">
          <params>
            <param index="0">
              <value>
                <![CDATA[5]]>
              </value>
            </param>
          </params>
          <reporter-output>
          </reporter-output>
        </test-method> <!-- testCase -->
        <test-method status="PASS" signature="testCase(java.lang.String)[pri:0, instance:com.alg.test.executionengine.Executor@246ae04d]" name="testCase" duration-ms="3" started-at="2018-05-12T11:30:56Z" data-provider="TestCases" finished-at="2018-05-12T11:30:56Z">
          <params>
            <param index="0">
              <value>
                <![CDATA[6]]>
              </value>
            </param>
          </params>
          <reporter-output>
          </reporter-output>
        </test-method> <!-- testCase -->
        <test-method status="PASS" signature="testCase(java.lang.String)[pri:0, instance:com.alg.test.executionengine.Executor@246ae04d]" name="testCase" duration-ms="2" started-at="2018-05-12T11:30:56Z" data-provider="TestCases" finished-at="2018-05-12T11:30:56Z">
          <params>
            <param index="0">
              <value>
                <![CDATA[7]]>
              </value>
            </param>
          </params>
          <reporter-output>
          </reporter-output>
        </test-method> <!-- testCase -->
        <test-method status="PASS" signature="testCase(java.lang.String)[pri:0, instance:com.alg.test.executionengine.Executor@246ae04d]" name="testCase" duration-ms="5" started-at="2018-05-12T11:30:56Z" data-provider="TestCases" finished-at="2018-05-12T11:30:56Z">
          <params>
            <param index="0">
              <value>
                <![CDATA[8]]>
              </value>
            </param>
          </params>
          <reporter-output>
          </reporter-output>
        </test-method> <!-- testCase -->
        <test-method status="PASS" signature="testCase(java.lang.String)[pri:0, instance:com.alg.test.executionengine.Executor@246ae04d]" name="testCase" duration-ms="3" started-at="2018-05-12T11:30:56Z" data-provider="TestCases" finished-at="2018-05-12T11:30:56Z">
          <params>
            <param index="0">
              <value>
                <![CDATA[9]]>
              </value>
            </param>
          </params>
          <reporter-output>
          </reporter-output>
        </test-method> <!-- testCase -->
        <test-method status="PASS" signature="testCase(java.lang.String)[pri:0, instance:com.alg.test.executionengine.Executor@246ae04d]" name="testCase" duration-ms="4" started-at="2018-05-12T11:30:56Z" data-provider="TestCases" finished-at="2018-05-12T11:30:56Z">
          <params>
            <param index="0">
              <value>
                <![CDATA[10]]>
              </value>
            </param>
          </params>
          <reporter-output>
          </reporter-output>
        </test-method> <!-- testCase -->
        <test-method status="PASS" signature="afterClass()[pri:0, instance:com.alg.test.executionengine.Executor@246ae04d]" name="afterClass" is-config="true" duration-ms="435" started-at="2018-05-12T11:30:56Z" finished-at="2018-05-12T11:30:56Z">
          <reporter-output>
          </reporter-output>
        </test-method> <!-- afterClass -->
        <test-method status="PASS" signature="tearDown()[pri:0, instance:com.alg.test.executionengine.Executor@246ae04d]" name="tearDown" is-config="true" duration-ms="0" started-at="2018-05-12T11:30:56Z" finished-at="2018-05-12T11:30:56Z">
          <reporter-output>
          </reporter-output>
        </test-method> <!-- tearDown -->
      </class> <!-- com.alg.test.executionengine.Executor -->
    </test> <!-- Test -->
  </suite> <!-- Regression -->
</testng-results>
